Montreal DATA
Waiting to receive...
Starting server: Montreal
received client packet
================

Type: list
EventType: ArtGallery
Id: N/A
EventId: N/A
Capacity: 0
old_eventId: N/A
new_eventId: N/A
new_eventType: N/A
================
DEFAULT GETPORT
Sending request to: TOR port: 2111
================

Type: list
EventType: ArtGallery
Id: N/A
EventId: N/A
Capacity: 0
old_eventId: N/A
new_eventId: N/A
new_eventType: N/A
================
DEFAULT GETPORT
Sending request to: VAN port: 2111
received client packet
================

Type: get
EventType: N/A
Id: MTLP5555
EventId: N/A
Capacity: 0
old_eventId: N/A
new_eventId: N/A
new_eventType: N/A
================
DEFAULT GETPORT
Sending request to: TOR port: 2111
================

Type: get
EventType: N/A
Id: MTLP5555
EventId: N/A
Capacity: 0
old_eventId: N/A
new_eventId: N/A
new_eventType: N/A
================
DEFAULT GETPORT
Sending request to: VAN port: 2111
received client packet
received client packet
================

Type: list
EventType: ArtGallery
Id: N/A
EventId: N/A
Capacity: 0
old_eventId: N/A
new_eventId: N/A
new_eventType: N/A
================
DEFAULT GETPORT
Sending request to: TOR port: 2111
================

Type: list
EventType: ArtGallery
Id: N/A
EventId: N/A
Capacity: 0
old_eventId: N/A
new_eventId: N/A
new_eventType: N/A
================
DEFAULT GETPORT
Sending request to: VAN port: 2111
received client packet
================

Type: list
EventType: ArtGallery
Id: N/A
EventId: N/A
Capacity: 0
old_eventId: N/A
new_eventId: N/A
new_eventType: N/A
================
DEFAULT GETPORT
Sending request to: TOR port: 2111
================

Type: list
EventType: ArtGallery
Id: N/A
EventId: N/A
Capacity: 0
old_eventId: N/A
new_eventId: N/A
new_eventType: N/A
================
DEFAULT GETPORT
Sending request to: VAN port: 2111
received client packet
received client packet
================

Type: list
EventType: ArtGallery
Id: N/A
EventId: N/A
Capacity: 0
old_eventId: N/A
new_eventId: N/A
new_eventType: N/A
================
DEFAULT GETPORT
Sending request to: TOR port: 2111
================

Type: list
EventType: ArtGallery
Id: N/A
EventId: N/A
Capacity: 0
old_eventId: N/A
new_eventId: N/A
new_eventType: N/A
================
DEFAULT GETPORT
Sending request to: VAN port: 2111
received client packet
================

Type: list
EventType: ArtGallery
Id: N/A
EventId: N/A
Capacity: 0
old_eventId: N/A
new_eventId: N/A
new_eventType: N/A
================
DEFAULT GETPORT
Sending request to: TOR port: 2111
================

Type: list
EventType: ArtGallery
Id: N/A
EventId: N/A
Capacity: 0
old_eventId: N/A
new_eventId: N/A
new_eventType: N/A
================
DEFAULT GETPORT
Sending request to: VAN port: 2111
received client packet
received client packet
================

Type: list
EventType: ArtGallery
Id: N/A
EventId: N/A
Capacity: 0
old_eventId: N/A
new_eventId: N/A
new_eventType: N/A
================
DEFAULT GETPORT
Sending request to: TOR port: 2111
================

Type: list
EventType: ArtGallery
Id: N/A
EventId: N/A
Capacity: 0
old_eventId: N/A
new_eventId: N/A
new_eventType: N/A
================
DEFAULT GETPORT
Sending request to: VAN port: 2111
received client packet
