Dec 05, 2022 3:36:06 PM ReplicaManager main
INFO: Starting Replica Manager with implementation number [3] for replicas...
Dec 05, 2022 3:36:07 PM City startProcess
INFO: Started the Montreal replica
Dec 05, 2022 3:36:07 PM City startProcess
INFO: Started the Toronto replica
Dec 05, 2022 3:36:07 PM City startProcess
INFO: Started the Vancouver replica
Dec 05, 2022 3:36:07 PM ReplicaManager main
INFO: Joining multicast group...
Dec 05, 2022 3:36:07 PM ReplicaManager main
INFO: Listening for requests...
Dec 05, 2022 3:36:11 PM ReplicaManager main
INFO: Received a request packet, processing it now...
Dec 05, 2022 3:36:11 PM ReplicaManager sendMessageToLocalHost
INFO: Communicating with the associated replica...
Dec 05, 2022 3:36:11 PM ReplicaManager handleFrontEndObject
INFO: Sending request reply to the FE...
Dec 05, 2022 3:36:11 PM ReplicaManager handleFrontEndObject
INFO: Sent...
Dec 05, 2022 3:36:11 PM ReplicaManager main
INFO: Received a request packet, processing it now...
Dec 05, 2022 3:36:11 PM ReplicaManager sendMessageToLocalHost
INFO: Communicating with the associated replica...
Dec 05, 2022 3:36:11 PM ReplicaManager handleFrontEndObject
INFO: Sending request reply to the FE...
Dec 05, 2022 3:36:11 PM ReplicaManager handleFrontEndObject
INFO: Sent...
Dec 05, 2022 3:36:11 PM ReplicaManager main
INFO: Received a request packet, processing it now...
Dec 05, 2022 3:36:11 PM ReplicaManager sendMessageToLocalHost
INFO: Communicating with the associated replica...
Dec 05, 2022 3:36:11 PM ReplicaManager handleFrontEndObject
INFO: Sending request reply to the FE...
Dec 05, 2022 3:36:11 PM ReplicaManager handleFrontEndObject
INFO: Sent...
Dec 05, 2022 3:36:11 PM ReplicaManager main
INFO: Received a request packet, processing it now...
Dec 05, 2022 3:36:11 PM ReplicaManager sendMessageToLocalHost
INFO: Communicating with the associated replica...
Dec 05, 2022 3:36:11 PM ReplicaManager handleFrontEndObject
INFO: Sending request reply to the FE...
Dec 05, 2022 3:36:11 PM ReplicaManager handleFrontEndObject
INFO: Sent...
Dec 05, 2022 3:36:11 PM ReplicaManager main
INFO: Received a request packet, processing it now...
Dec 05, 2022 3:36:11 PM ReplicaManager sendMessageToLocalHost
INFO: Communicating with the associated replica...
Dec 05, 2022 3:36:11 PM ReplicaManager handleFrontEndObject
INFO: Sending request reply to the FE...
Dec 05, 2022 3:36:11 PM ReplicaManager handleFrontEndObject
INFO: Sent...
Dec 05, 2022 3:36:11 PM ReplicaManager main
INFO: Received a request packet, processing it now...
Dec 05, 2022 3:36:11 PM ReplicaManager sendMessageToLocalHost
INFO: Communicating with the associated replica...
Dec 05, 2022 3:36:11 PM ReplicaManager handleFrontEndObject
INFO: Sending request reply to the FE...
Dec 05, 2022 3:36:11 PM ReplicaManager handleFrontEndObject
INFO: Sent...
Dec 05, 2022 3:36:11 PM ReplicaManager main
INFO: Received a request packet, processing it now...
Dec 05, 2022 3:36:11 PM ReplicaManager sendMessageToLocalHost
INFO: Communicating with the associated replica...
Dec 05, 2022 3:36:11 PM ReplicaManager handleFrontEndObject
INFO: Sending request reply to the FE...
Dec 05, 2022 3:36:11 PM ReplicaManager handleFrontEndObject
INFO: Sent...
Dec 05, 2022 3:36:11 PM ReplicaManager main
INFO: Received a request packet, processing it now...
Dec 05, 2022 3:36:11 PM ReplicaManager sendMessageToLocalHost
INFO: Communicating with the associated replica...
Dec 05, 2022 3:36:11 PM ReplicaManager handleFrontEndObject
INFO: Sending request reply to the FE...
Dec 05, 2022 3:36:11 PM ReplicaManager handleFrontEndObject
INFO: Sent...
